{
  "RSpec": {
    "coverage": {
      "/home/amparkki/Rubysaatio/ratebeer/app/models/rating.rb": [
        1,
        1,
        1,
        1,
        null,
        null,
        null,
        1,
        0,
        null,
        null,
        null
      ],
      "/home/amparkki/Rubysaatio/ratebeer/app/helpers/application_helper.rb": [
        1,
        null
      ],
      "/home/amparkki/Rubysaatio/ratebeer/app/helpers/beer_clubs_helper.rb": [
        1,
        null
      ],
      "/home/amparkki/Rubysaatio/ratebeer/app/helpers/beers_helper.rb": [
        1,
        null
      ],
      "/home/amparkki/Rubysaatio/ratebeer/app/helpers/breweries_helper.rb": [
        1,
        null
      ],
      "/home/amparkki/Rubysaatio/ratebeer/app/helpers/memberships_helper.rb": [
        1,
        null
      ],
      "/home/amparkki/Rubysaatio/ratebeer/app/helpers/users_helper.rb": [
        1,
        null
      ],
      "/home/amparkki/Rubysaatio/ratebeer/app/models/user.rb": [
        1,
        1,
        1,
        null,
        1,
        null,
        null,
        1,
        1,
        1,
        1,
        1,
        null,
        1,
        3,
        2,
        null,
        null,
        1,
        2,
        1,
        null,
        null,
        null,
        null,
        null
      ],
      "/home/amparkki/Rubysaatio/ratebeer/lib/rating_average.rb": [
        1,
        1,
        1,
        3,
        null,
        null
      ],
      "/home/amparkki/Rubysaatio/ratebeer/app/models/beer_club.rb": [
        1,
        1,
        1,
        null
      ],
      "/home/amparkki/Rubysaatio/ratebeer/app/controllers/beer_clubs_controller.rb": [
        1,
        1,
        1,
        null,
        null,
        null,
        null,
        1,
        0,
        null,
        null,
        null,
        null,
        1,
        null,
        null,
        null,
        1,
        0,
        null,
        null,
        null,
        1,
        null,
        null,
        null,
        null,
        1,
        0,
        null,
        0,
        0,
        0,
        0,
        null,
        0,
        0,
        null,
        null,
        null,
        null,
        null,
        null,
        1,
        0,
        0,
        0,
        0,
        null,
        0,
        0,
        null,
        null,
        null,
        null,
        null,
        null,
        1,
        0,
        0,
        0,
        0,
        null,
        null,
        null,
        1,
        null,
        1,
        0,
        null,
        null,
        null,
        1,
        0,
        null,
        null
      ],
      "/home/amparkki/Rubysaatio/ratebeer/app/controllers/application_controller.rb": [
        1,
        null,
        null,
        1,
        null,
        1,
        null,
        1,
        0,
        0,
        null,
        null,
        null,
        1,
        null,
        0,
        null,
        null,
        null
      ],
      "/home/amparkki/Rubysaatio/ratebeer/app/models/beer.rb": [
        1,
        1,
        1,
        1,
        null,
        1,
        1,
        1,
        null,
        null,
        null,
        1,
        0,
        null,
        null,
        null,
        null
      ],
      "/home/amparkki/Rubysaatio/ratebeer/app/models/brewery.rb": [
        1,
        null,
        1,
        null,
        1,
        1,
        7,
        null,
        1,
        1,
        null,
        1,
        0,
        0,
        0,
        null,
        null,
        1,
        0,
        0,
        null,
        null,
        null,
        null,
        null
      ]
    },
    "timestamp": 1423420692
  }
}
